
2021-04-30 20:41:37,714 - INFO - Input OK -root -Line: 25
2021-04-30 20:41:37,726 - INFO - Division OK -root -Line: 71
2021-04-30 20:48:51,039 - INFO - Input OK -root -Line: 25
2021-04-30 20:52:54,529 - INFO - Input OK -root -Line: 25
2021-04-30 20:58:50,779 - INFO - Input OK -root -Line: 25
2021-04-30 20:58:50,781 - INFO - Division OK -root -Line: 58
2021-04-30 20:58:58,691 - INFO - Input OK -root -Line: 25
2021-04-30 20:58:58,693 - WARNING - /0 :() -root -Line: 53
2021-04-30 20:58:58,693 - ERROR - integer division or modulo by zero -root -Line: 54
2021-04-30 20:59:37,459 - INFO - Input OK -root -Line: 25
2021-04-30 20:59:37,461 - WARNING - /0 :() -root -Line: 53
2021-04-30 20:59:37,461 - ERROR - integer division or modulo by zero -root -Line: 54
2021-04-30 21:09:37,141 - INFO - Input OK -root -Line: 25
2021-04-30 21:09:37,144 - INFO - Division OK -root -Line: 66
2021-04-30 21:10:24,689 - INFO - Input OK -root -Line: 25
2021-04-30 21:10:24,704 - WARNING - /0 :() -root -Line: 61
2021-04-30 21:10:24,704 - ERROR - integer division or modulo by zero -root -Line: 62
2021-04-30 21:10:49,392 - ERROR - Non positive number entered -1 -root -Line: 18
NoneType: None
2021-04-30 21:12:38,873 - INFO - Input OK -root -Line: 25
2021-04-30 21:12:38,875 - INFO - Division OK -root -Line: 66
